<?xml version="1.0" encoding="UTF-8"?>
<!-- Generated by org.testng.reporters.JUnitReportReporter -->
<testsuite skipped="0" hostname="DESKTOP-3ARIVLD" name="scripts.ValidLogin" tests="2" failures="0" timestamp="13 Dec 2017 09:06:59 GMT" time="106.398" errors="0">
  <testcase name="testValidLogin" time="16.815" classname="scripts.ValidLogin"/>
  <testcase name="testValidLogin" time="89.583" classname="scripts.ValidLogin"/>
</testsuite> <!-- scripts.ValidLogin -->
