<?xml version="1.0" encoding="UTF-8"?>
<!-- Generated by org.testng.reporters.JUnitReportReporter -->
<testsuite skipped="0" hostname="DESKTOP-3ARIVLD" name="scripts.ValidLogin" tests="1" failures="0" timestamp="13 Dec 2017 04:23:41 GMT" time="8.607" errors="0">
  <testcase name="testValidLogin" time="8.607" classname="scripts.ValidLogin"/>
</testsuite> <!-- scripts.ValidLogin -->
