<?xml version="1.0" encoding="UTF-8"?>
<!-- Generated by org.testng.reporters.JUnitReportReporter -->
<testsuite skipped="0" hostname="DESKTOP-3ARIVLD" name="scripts.InvalidLogin" tests="2" failures="0" timestamp="13 Dec 2017 09:06:59 GMT" time="33.100" errors="0">
  <testcase name="testInvalidLogin" time="12.980" classname="scripts.InvalidLogin"/>
  <testcase name="testInvalidLogin" time="20.120" classname="scripts.InvalidLogin"/>
</testsuite> <!-- scripts.InvalidLogin -->
