<?xml version="1.0" encoding="UTF-8"?>
<!-- Generated by org.testng.reporters.JUnitReportReporter -->
<testsuite skipped="0" hostname="DESKTOP-3ARIVLD" name="generic.demo" tests="1" failures="0" timestamp="08 Dec 2017 05:32:23 GMT" time="0.008" errors="0">
  <testcase name="TestOpenbrowser" time="0.008" classname="generic.demo"/>
</testsuite> <!-- generic.demo -->
