<?xml version="1.0" encoding="UTF-8"?>
<!-- Generated by org.testng.reporters.JUnitReportReporter -->
<testsuite skipped="0" hostname="DESKTOP-3ARIVLD" name="scripts.InvalidLogin" tests="1" failures="0" timestamp="13 Dec 2017 08:39:55 GMT" time="15.827" errors="0">
  <testcase name="testInvalidLogin" time="15.827" classname="scripts.InvalidLogin"/>
</testsuite> <!-- scripts.InvalidLogin -->
