<?xml version="1.0" encoding="UTF-8"?>
<!-- Generated by org.testng.reporters.JUnitReportReporter -->
<testsuite skipped="0" hostname="DESKTOP-3ARIVLD" name="scripts.InvalidLogin" tests="1" failures="0" timestamp="14 Dec 2017 08:06:22 GMT" time="19.297" errors="0">
  <testcase name="testInvalidLogin" time="19.297" classname="scripts.InvalidLogin"/>
</testsuite> <!-- scripts.InvalidLogin -->
